<?xml version="1.0" encoding="UTF-8"?>
<!-- Generated by org.testng.reporters.JUnitReportReporter -->
<testsuite hostname="TS-0120-KBANSAL.local" failures="0" tests="2" name="com.ndtv.qa.test.Homepagetest" time="2.111" errors="0" timestamp="2020-08-27T11:56:42 IST" skipped="0">
  <testcase classname="com.ndtv.qa.test.Homepagetest" name="WeatherTab" time="1.497"/>
  <system-out/>
  <testcase classname="com.ndtv.qa.test.Homepagetest" name="submenuDott" time="0.614"/>
  <system-out/>
</testsuite> <!-- com.ndtv.qa.test.Homepagetest -->
