<?xml version="1.0" encoding="UTF-8"?>
<!-- Generated by org.testng.reporters.JUnitReportReporter -->
<testsuite hostname="TS-0120-KBANSAL.local" failures="0" tests="1" name="com.ndtv.qa.test.WeatherTemp" time="0.004" errors="0" timestamp="2020-08-26T13:44:08 IST" skipped="0">
  <testcase classname="com.ndtv.qa.test.WeatherTemp" name="test" time="0.004"/>
  <system-out/>
</testsuite> <!-- com.ndtv.qa.test.WeatherTemp -->
