<?xml version="1.0" encoding="UTF-8"?>
<!-- Generated by org.testng.reporters.JUnitReportReporter -->
<testsuite hostname="TS-0120-KBANSAL.local" failures="0" tests="2" name="com.deviation.qa.testApi.weatherApiTest" time="2.748" errors="0" timestamp="2020-08-29T23:24:24 IST" skipped="0">
  <testcase classname="com.deviation.qa.testApi.weatherApiTest" name="compareHumidity" time="2.495"/>
  <system-out/>
  <testcase classname="com.deviation.qa.testApi.weatherApiTest" name="compareTemp" time="0.253"/>
  <system-out/>
</testsuite> <!-- com.deviation.qa.testApi.weatherApiTest -->
