<?xml version="1.0" encoding="UTF-8"?>
<!-- Generated by org.testng.reporters.JUnitReportReporter -->
<testsuite hostname="TS-0120-KBANSAL.local" failures="0" tests="3" name="com.ndtv.qa.test.WeatherTest" time="4.835" errors="0" timestamp="2020-08-29T22:41:51 IST" skipped="0">
  <testcase classname="com.ndtv.qa.test.WeatherTest" name="uncheckdefaultcity" time="2.562"/>
  <system-out/>
  <testcase classname="com.ndtv.qa.test.WeatherTest" name="searchcity" time="2.272"/>
  <system-out/>
  <testcase classname="com.ndtv.qa.test.WeatherTest" name="weatherinfoOnmap" time="0.001"/>
  <system-out/>
</testsuite> <!-- com.ndtv.qa.test.WeatherTest -->
