<?xml version="1.0" encoding="UTF-8"?>
<!-- Generated by org.testng.reporters.JUnitReportReporter -->
<testsuite hostname="TS-0120-KBANSAL.local" failures="0" tests="3" name="com.ndtv.qa.api.APIWeatherTest" time="3.064" errors="0" timestamp="2020-08-29T13:37:27 IST" skipped="0">
  <testcase classname="com.ndtv.qa.api.APIWeatherTest" name="bpi" time="0.278"/>
  <system-out/>
  <testcase classname="com.ndtv.qa.api.APIWeatherTest" name="api" time="2.553"/>
  <system-out/>
  <testcase classname="com.ndtv.qa.api.APIWeatherTest" name="cpi" time="0.233"/>
  <system-out/>
</testsuite> <!-- com.ndtv.qa.api.APIWeatherTest -->
